Arguments: 
  /home/heydaykk/.nvm/versions/node/v11.6.0/bin/node /usr/share/yarn/bin/yarn.js cache clean --force

PATH: 
  /home/heydaykk/.nvm/versions/node/v11.6.0/bin:/usr/local/sbin:/usr/local/bin:/usr/sbin:/usr/bin:/sbin:/bin:/usr/games:/usr/local/games:/mnt/c/Windows/System32:/mnt/c/Windows:/mnt/c/Windows/System32/wbem:/mnt/c/Windows/System32/WindowsPowerShell/v1.0:/mnt/c/Windows/System32/OpenSSH:/mnt/c/Program Files/ojdkbuild/java-11-openjdk-11.0.1-1/bin:/mnt/c/Program Files/ojdkbuild/java-11-openjdk-11.0.1-1/missioncontrol:/mnt/c/Program Files/dotnet:/mnt/c/Program Files/Microsoft SQL Server/130/Tools/Binn:/mnt/c/Program Files/PuTTY:/mnt/c/Users/Terence Chen/AppData/Local/Microsoft/WindowsApps:/mnt/c/Users/Terence Chen/AppData/Local/Programs/Microsoft VS Code/bin:/snap/bin

Yarn version: 
  1.12.3

Node version: 
  11.6.0

Platform: 
  linux x64

Trace: 
  SyntaxError: /mnt/c/Users/Terence Chen/Desktop/github/Learn_TheWebDeveloperBootcamp/RESTful Routing/package.json: Unexpected end of JSON input
      at JSON.parse (<anonymous>)
      at /usr/share/yarn/lib/cli.js:1631:59
      at Generator.next (<anonymous>)
      at step (/usr/share/yarn/lib/cli.js:304:30)
      at /usr/share/yarn/lib/cli.js:315:13

npm manifest: 
  

yarn manifest: 
  No manifest

Lockfile: 
  No lockfile
